STARTED Flow_from_pipe_crack/anim_0
[(392, -8.109281072372509), (562, 2.1290303379572535), (670, -1.948812266984163), (880, 5.557714836163614), (967, 2.339851469183042), (1147, -5.968253853987364)]
[(392, -7.81859614466242), (532, 5.984137195063667), (627, -8.897418852893148), (760, 1.9710125618883723), (885, -4.060009126681312), (1017, -6.323907969103932), (1147, 5.191385513398149)]
Z:\home\popovpe\SERVICES\JangaFX.LiquidGen_0.3.0\LiquidGen\experiments\animations_for_pipes_cp\Flow_from_pipe_crack\0
FINISHED Flow_from_pipe_crack/anim_0

STARTED Flow_from_flance/anim_0
[(392, 5.362947207367878), (494, -6.28362227891305), (628, -6.774236426853766), (705, -6.398930555873457), (821, -0.9085551829223366), (909, 4.888594865298694), (1024, 2.154011212641926), (1147, 8.496314499627577)]
[(392, 1.8004137433406324), (524, -3.840152270543946), (682, 3.3635209932048866), (809, -1.9229017259776704), (981, 4.473684681225663), (1147, 5.197105416986938)]
[(392, -6.446789371748833), (573, -3.79346402146102), (767, -7.054521737967228), (959, 3.9257915121946834), (1147, -8.353655387263352)]
Z:\home\popovpe\SERVICES\JangaFX.LiquidGen_0.3.0\LiquidGen\experiments\animations_for_pipes_cp\Flow_from_flance\0
FINISHED Flow_from_flance/anim_0

STARTED Flow_from_pipe_crack/anim_1
[(392, -1.0766290103909544), (551, 4.687814543965912), (677, 8.95308900423974), (819, 9.418281390681194), (993, -3.843050268639148), (1147, -4.440992163899045)]
[(392, 5.9772017183617425), (526, -4.166707895568365), (591, -2.2323943630167253), (729, -6.504284706950991), (813, -0.21282788619947723), (938, 4.63401674105037), (1049, -5.8234831462908865), (1147, 9.586872800394389)]
Z:\home\popovpe\SERVICES\JangaFX.LiquidGen_0.3.0\LiquidGen\experiments\animations_for_pipes_cp\Flow_from_pipe_crack\1
FINISHED Flow_from_pipe_crack/anim_1

STARTED Flow_from_flance/anim_1
[(392, -8.275946612831051), (610, -1.9079622816625115), (815, -5.24014562322801), (969, -8.645364669212054), (1147, -8.959723929833512)]
[(392, -8.982250885696182), (618, 7.394172329482256), (811, 7.406807450385767), (928, 7.301009471670543), (1147, -6.495261479094485)]
[(392, 5.34241491910662), (523, 5.797427244769285), (680, -7.893950071433784), (835, -2.2538147131364994), (986, -3.9334574705519216), (1147, -0.5985952010961899)]
Z:\home\popovpe\SERVICES\JangaFX.LiquidGen_0.3.0\LiquidGen\experiments\animations_for_pipes_cp\Flow_from_flance\1
FINISHED Flow_from_flance/anim_1

STARTED Flow_from_pipe_crack/anim_2
[(392, -8.258563051165034), (539, -3.426151545028546), (658, 6.855773211509359), (871, 1.8915035753788665), (961, 7.141938486882125), (1147, -5.538534992733039)]
[(392, -2.8410417641243306), (598, 4.953394822921261), (812, 0.18893255618148075), (956, -8.354014867959357), (1147, -0.40486663375252085)]
Z:\home\popovpe\SERVICES\JangaFX.LiquidGen_0.3.0\LiquidGen\experiments\animations_for_pipes_cp\Flow_from_pipe_crack\2
FINISHED Flow_from_pipe_crack/anim_2

STARTED Flow_from_flance/anim_2
[(392, 0.48125240622937326), (496, -6.243901733786787), (652, 4.664413549833888), (787, 1.2148407964516554), (897, -8.114748842735057), (1009, 1.24836953674086), (1147, -0.6004836754793175)]
[(392, -9.351946372516036), (578, -8.381609239222643), (725, -9.927737381178527), (879, -7.217243993096806), (958, -3.4897560768120073), (1147, -0.5657051834073012)]
[(392, 0.0788479229991701), (582, 6.276118293739717), (766, -6.850370993758011), (971, 1.7225862535020653), (1147, 1.2959560508260193)]
Z:\home\popovpe\SERVICES\JangaFX.LiquidGen_0.3.0\LiquidGen\experiments\animations_for_pipes_cp\Flow_from_flance\2
FINISHED Flow_from_flance/anim_2

STARTED Flow_from_pipe_crack/anim_3
[(392, 7.792520914591986), (519, 4.241926719454398), (633, -0.6323230516626737), (703, 3.0176227383347705), (800, 6.451145774218347), (919, 0.5902112820468108), (1055, -7.029484467285645), (1147, 1.5574694264622906)]
[(392, -3.2724721567249304), (487, -9.35316889477959), (626, -0.3970317680882438), (771, 7.099996488347781), (884, 4.078994775507304), (1014, 9.204331762878375), (1147, -4.280119023893702)]
Z:\home\popovpe\SERVICES\JangaFX.LiquidGen_0.3.0\LiquidGen\experiments\animations_for_pipes_cp\Flow_from_pipe_crack\3
FINISHED Flow_from_pipe_crack/anim_3

STARTED Flow_from_flance/anim_3
[(392, 9.126919818369615), (498, 2.9772764535997727), (631, -4.2134263980032705), (781, 4.5146680720921175), (914, -5.424787004315876), (1003, -5.662954322568689), (1147, 9.268766716344857)]
[(392, -5.61065537904109), (565, -9.919882472788832), (731, -5.355160687204963), (967, 0.8406311826730732), (1147, -4.484609518709293)]
[(392, -0.0008437423964089419), (591, 7.683433426368367), (727, 8.657526093563334), (915, 0.391434809958195), (1147, 9.336972958266806)]
Z:\home\popovpe\SERVICES\JangaFX.LiquidGen_0.3.0\LiquidGen\experiments\animations_for_pipes_cp\Flow_from_flance\3
FINISHED Flow_from_flance/anim_3

STARTED Flow_from_pipe_crack/anim_4
[(392, 7.9679197983304135), (537, 0.6049334426877113), (617, -3.703977951150275), (764, 9.16166989549054), (865, -5.823075372012481), (1006, -7.178918117436148), (1147, -0.9517286921243429)]
[(392, 5.501317340284444), (520, -3.327080922309362), (659, 1.3810528295686915), (754, -9.31599310596864), (914, -1.263751224502494), (1000, -1.4280623001586115), (1147, -3.0926270159135143)]
Z:\home\popovpe\SERVICES\JangaFX.LiquidGen_0.3.0\LiquidGen\experiments\animations_for_pipes_cp\Flow_from_pipe_crack\4
FINISHED Flow_from_pipe_crack/anim_4

STARTED Flow_from_flance/anim_4
[(392, -1.9446136796935143), (475, 0.6899282434408534), (589, -6.160347528120804), (704, 6.957808078604547), (830, -2.2594231224626053), (910, -2.0045159774842514), (1034, -4.83610466580809), (1147, 1.9028349469208745)]
[(392, 1.9368737503187958), (538, 7.2133731942712345), (679, 9.509574884389579), (850, -4.436766756607322), (992, 3.9317443447036986), (1147, 2.2482697112492307)]
[(392, 0.21003219678613583), (506, -0.6590464455760205), (604, -4.785358933502737), (703, -6.8416993157404775), (850, 2.367031328672759), (949, 1.610494048329631), (1030, -8.424691289118387), (1147, -7.286490370347723)]
Z:\home\popovpe\SERVICES\JangaFX.LiquidGen_0.3.0\LiquidGen\experiments\animations_for_pipes_cp\Flow_from_flance\4
FINISHED Flow_from_flance/anim_4

STARTED Flow_from_pipe_crack/anim_5
[(392, 7.905210820030348), (495, 5.54338674062822), (634, -6.49347868146738), (737, -9.242104009713042), (835, -5.8155602218724205), (925, -5.98778781082814), (1060, -0.57764315617748), (1147, -0.5500901268082607)]
[(392, 5.154317652247881), (526, -0.5568548240782079), (594, 2.7354824750724056), (735, -8.22095390964998), (825, -6.426877262723312), (943, -0.561515508276484), (1047, -3.8618879691256076), (1147, -0.6881777550368646)]
Z:\home\popovpe\SERVICES\JangaFX.LiquidGen_0.3.0\LiquidGen\experiments\animations_for_pipes_cp\Flow_from_pipe_crack\5
FINISHED Flow_from_pipe_crack/anim_5

STARTED Flow_from_flance/anim_5
[(392, -8.968499397985203), (619, 4.890895958915207), (740, 4.705249530850104), (949, -3.165600386617986), (1147, 3.08239243992708)]
[(392, -8.365604513052352), (540, 6.176466422713158), (772, 9.653585454054), (1002, -8.091170529172324), (1147, 1.98384445351339)]
[(392, 8.35753606826544), (479, 9.794041694685625), (602, 8.341524900588794), (719, -8.689304007238018), (814, 6.136321184913022), (946, 0.09064548502515102), (1046, -3.167772438873657), (1147, 1.622251821518912)]
Z:\home\popovpe\SERVICES\JangaFX.LiquidGen_0.3.0\LiquidGen\experiments\animations_for_pipes_cp\Flow_from_flance\5
FINISHED Flow_from_flance/anim_5

STARTED Flow_from_pipe_crack/anim_6
[(392, -1.8792099658507322), (513, -2.5507966270793663), (617, 9.589262123344156), (705, -8.950038561287565), (806, 5.227055657579436), (953, -7.295441046600811), (1054, -4.341989746627064), (1147, 8.741690351818562)]
[(392, -1.5824484295607615), (529, -9.02622903055609), (664, -7.137881302259839), (774, 4.975713917773149), (913, -6.626566941985859), (1049, -7.053638817167876), (1147, 1.4180704891695317)]
Z:\home\popovpe\SERVICES\JangaFX.LiquidGen_0.3.0\LiquidGen\experiments\animations_for_pipes_cp\Flow_from_pipe_crack\6
FINISHED Flow_from_pipe_crack/anim_6

STARTED Flow_from_flance/anim_6
[(392, 4.096035866869453), (502, -4.8450765043288735), (600, 6.684872504736454), (712, 4.002454952654688), (834, 3.1998417481921955), (926, 7.023003552753501), (1047, 1.7236599795939966), (1147, 7.791788348062237)]
[(392, 4.359979328482719), (476, -6.167546875063903), (580, -0.15735544932951484), (693, 0.5967673115056691), (836, -7.970462138327843), (913, 0.36807608600512687), (1016, -6.94285293825005), (1147, -8.817093039606352)]
[(392, -0.9116603208619729), (613, 5.147444469621025), (782, -9.898958084865173), (961, -0.40828183044425614), (1147, 7.291858196988674)]
Z:\home\popovpe\SERVICES\JangaFX.LiquidGen_0.3.0\LiquidGen\experiments\animations_for_pipes_cp\Flow_from_flance\6
FINISHED Flow_from_flance/anim_6

STARTED Flow_from_pipe_crack/anim_7
[(392, 0.5415649197448342), (530, -2.5988875001833094), (691, -2.667064825581411), (835, 1.036164395718762), (1009, -6.650783334634081), (1147, 6.173177843645984)]
[(392, 7.074150571983296), (493, -2.991273134507482), (633, 8.537371407684397), (712, 4.5272136298860595), (844, -2.0472405381234937), (955, -5.780749384855293), (1060, 4.247198541313457), (1147, 9.752384484004317)]
Z:\home\popovpe\SERVICES\JangaFX.LiquidGen_0.3.0\LiquidGen\experiments\animations_for_pipes_cp\Flow_from_pipe_crack\7
FINISHED Flow_from_pipe_crack/anim_7

STARTED Flow_from_flance/anim_7
[(392, -1.441222310062189), (546, -9.612850554648185), (653, 0.06719069302058678), (795, 6.879054072165886), (870, 0.986666686751656), (1039, 3.227579597019636), (1147, -4.320372951112235)]
[(392, -8.427405419071505), (574, 1.155043805891582), (674, 5.517661407670214), (881, 2.629839486587052), (1014, -8.866515804601057), (1147, -4.883504200223707)]
[(392, 2.476119175178095), (565, 5.429503021001514), (813, -8.404915634376797), (1002, 1.5433554006087142), (1147, 2.0871334280334928)]
Z:\home\popovpe\SERVICES\JangaFX.LiquidGen_0.3.0\LiquidGen\experiments\animations_for_pipes_cp\Flow_from_flance\7
FINISHED Flow_from_flance/anim_7

STARTED Flow_from_pipe_crack/anim_8
[(392, 3.7320218805569194), (487, -9.996536968755533), (633, 5.849234844098348), (785, 0.3032991868175401), (899, -7.43262492349261), (1022, 4.7290749927121745), (1147, 3.8874369655629195)]
[(392, -3.624440971702569), (509, 2.1787539671766787), (630, -0.6539137858144723), (719, -9.409839605339506), (836, 8.184686657173547), (908, -6.827493749785569), (1016, -5.406361587438955), (1147, -2.754674822257379)]
Z:\home\popovpe\SERVICES\JangaFX.LiquidGen_0.3.0\LiquidGen\experiments\animations_for_pipes_cp\Flow_from_pipe_crack\8
FINISHED Flow_from_pipe_crack/anim_8

STARTED Flow_from_flance/anim_8
[(392, 3.418639159193157), (488, -4.913489952783923), (632, -1.4003662745146315), (766, 8.471405347139513), (924, 4.158531162094503), (997, 7.399649456645811), (1147, 1.0921420176846102)]
[(392, -7.432391316324038), (506, 7.314924741603022), (666, 0.9557610575383642), (759, 2.352387238144919), (907, -3.1170431769725226), (1039, 1.8070922891761505), (1147, -3.320857278366349)]
[(392, 7.934696619629143), (515, -4.490995072749566), (656, -1.7340378634932296), (762, 9.159461086197936), (871, -8.906189608149555), (1028, 6.850237960714779), (1147, -7.266529605657128)]
Z:\home\popovpe\SERVICES\JangaFX.LiquidGen_0.3.0\LiquidGen\experiments\animations_for_pipes_cp\Flow_from_flance\8
FINISHED Flow_from_flance/anim_8

STARTED Flow_from_pipe_crack/anim_9
[(392, 0.6262008024100822), (506, 7.46316559720449), (597, -5.080248836547412), (738, 9.276881704511759), (835, 0.5259824756283606), (936, 0.2765400350648566), (1019, 5.601278398413662), (1147, 9.544332350950985)]
[(392, 9.719915552311022), (496, 0.9348280337674666), (612, -9.055364244200454), (732, 1.5367101773089704), (829, -8.646436929533754), (909, -4.084357628972491), (1051, -9.787792065252642), (1147, 6.253428155661382)]
Z:\home\popovpe\SERVICES\JangaFX.LiquidGen_0.3.0\LiquidGen\experiments\animations_for_pipes_cp\Flow_from_pipe_crack\9
FINISHED Flow_from_pipe_crack/anim_9

STARTED Flow_from_flance/anim_9
[(392, 2.2198369634212547), (495, 6.074349317240475), (612, 9.290673640909485), (689, -1.1166964871695342), (834, -8.82825558320719), (922, -4.036885925832589), (1046, 6.0148239489409185), (1147, -1.5802507337983922)]
[(392, 7.183864940482366), (481, -5.132219560759497), (606, 6.675622714550752), (739, -5.114394743465938), (841, 9.818753161711292), (919, 4.2367398352988275), (1043, -9.604269500113471), (1147, 0.5719885040657608)]
[(392, 8.937935114854778), (608, 3.5198856283387787), (815, 3.880319227392368), (959, 4.751569079961724), (1147, -4.1132628308521575)]
Z:\home\popovpe\SERVICES\JangaFX.LiquidGen_0.3.0\LiquidGen\experiments\animations_for_pipes_cp\Flow_from_flance\9
FINISHED Flow_from_flance/anim_9

