STARTED /home/popovpe/SERVICES/JangaFX.LiquidGen_0.3.0/LiquidGen/bldr/pipes/Flow_from_pipe_crack/1.25.fbx with anim 3.liquigen
/home/popovpe/SERVICES/JangaFX.LiquidGen_0.3.0/LiquidGen/results/fbxs_new/Flow_from_pipe_crack/1.25/3
0 186
FINISHED /home/popovpe/SERVICES/JangaFX.LiquidGen_0.3.0/LiquidGen/bldr/pipes/Flow_from_pipe_crack/1.25.fbx with anim 3.liquigen
STARTED /home/popovpe/SERVICES/JangaFX.LiquidGen_0.3.0/LiquidGen/bldr/pipes/Flow_from_pipe_crack/1.25.fbx with anim 6.liquigen
/home/popovpe/SERVICES/JangaFX.LiquidGen_0.3.0/LiquidGen/results/fbxs_new/Flow_from_pipe_crack/1.25/6
0 249
FINISHED /home/popovpe/SERVICES/JangaFX.LiquidGen_0.3.0/LiquidGen/bldr/pipes/Flow_from_pipe_crack/1.25.fbx with anim 6.liquigen
STARTED /home/popovpe/SERVICES/JangaFX.LiquidGen_0.3.0/LiquidGen/bldr/pipes/Flow_from_pipe_crack/1.25.fbx with anim 5.liquigen
/home/popovpe/SERVICES/JangaFX.LiquidGen_0.3.0/LiquidGen/results/fbxs_new/Flow_from_pipe_crack/1.25/5
0 157
FINISHED /home/popovpe/SERVICES/JangaFX.LiquidGen_0.3.0/LiquidGen/bldr/pipes/Flow_from_pipe_crack/1.25.fbx with anim 5.liquigen
STARTED /home/popovpe/SERVICES/JangaFX.LiquidGen_0.3.0/LiquidGen/bldr/pipes/Flow_from_pipe_crack/1.25.fbx with anim 1.liquigen
/home/popovpe/SERVICES/JangaFX.LiquidGen_0.3.0/LiquidGen/results/fbxs_new/Flow_from_pipe_crack/1.25/1
1 361
FINISHED /home/popovpe/SERVICES/JangaFX.LiquidGen_0.3.0/LiquidGen/bldr/pipes/Flow_from_pipe_crack/1.25.fbx with anim 1.liquigen
STARTED /home/popovpe/SERVICES/JangaFX.LiquidGen_0.3.0/LiquidGen/bldr/pipes/Flow_from_pipe_crack/1.25.fbx with anim 0.liquigen
/home/popovpe/SERVICES/JangaFX.LiquidGen_0.3.0/LiquidGen/results/fbxs_new/Flow_from_pipe_crack/1.25/0
0 166
FINISHED /home/popovpe/SERVICES/JangaFX.LiquidGen_0.3.0/LiquidGen/bldr/pipes/Flow_from_pipe_crack/1.25.fbx with anim 0.liquigen
STARTED /home/popovpe/SERVICES/JangaFX.LiquidGen_0.3.0/LiquidGen/bldr/pipes/Flow_from_pipe_crack/1.25.fbx with anim 9.liquigen
/home/popovpe/SERVICES/JangaFX.LiquidGen_0.3.0/LiquidGen/results/fbxs_new/Flow_from_pipe_crack/1.25/9
0 159
FINISHED /home/popovpe/SERVICES/JangaFX.LiquidGen_0.3.0/LiquidGen/bldr/pipes/Flow_from_pipe_crack/1.25.fbx with anim 9.liquigen
STARTED /home/popovpe/SERVICES/JangaFX.LiquidGen_0.3.0/LiquidGen/bldr/pipes/Flow_from_pipe_crack/1.25.fbx with anim 7.liquigen
/home/popovpe/SERVICES/JangaFX.LiquidGen_0.3.0/LiquidGen/results/fbxs_new/Flow_from_pipe_crack/1.25/7
0 236
FINISHED /home/popovpe/SERVICES/JangaFX.LiquidGen_0.3.0/LiquidGen/bldr/pipes/Flow_from_pipe_crack/1.25.fbx with anim 7.liquigen
STARTED /home/popovpe/SERVICES/JangaFX.LiquidGen_0.3.0/LiquidGen/bldr/pipes/Flow_from_pipe_crack/1.25.fbx with anim 8.liquigen
/home/popovpe/SERVICES/JangaFX.LiquidGen_0.3.0/LiquidGen/results/fbxs_new/Flow_from_pipe_crack/1.25/8
0 296
FINISHED /home/popovpe/SERVICES/JangaFX.LiquidGen_0.3.0/LiquidGen/bldr/pipes/Flow_from_pipe_crack/1.25.fbx with anim 8.liquigen
STARTED /home/popovpe/SERVICES/JangaFX.LiquidGen_0.3.0/LiquidGen/bldr/pipes/Flow_from_pipe_crack/1.25.fbx with anim 4.liquigen
/home/popovpe/SERVICES/JangaFX.LiquidGen_0.3.0/LiquidGen/results/fbxs_new/Flow_from_pipe_crack/1.25/4
0 262
FINISHED /home/popovpe/SERVICES/JangaFX.LiquidGen_0.3.0/LiquidGen/bldr/pipes/Flow_from_pipe_crack/1.25.fbx with anim 4.liquigen
STARTED /home/popovpe/SERVICES/JangaFX.LiquidGen_0.3.0/LiquidGen/bldr/pipes/Flow_from_pipe_crack/1.25.fbx with anim 2.liquigen
/home/popovpe/SERVICES/JangaFX.LiquidGen_0.3.0/LiquidGen/results/fbxs_new/Flow_from_pipe_crack/1.25/2
0 104
FINISHED /home/popovpe/SERVICES/JangaFX.LiquidGen_0.3.0/LiquidGen/bldr/pipes/Flow_from_pipe_crack/1.25.fbx with anim 2.liquigen
STARTED /home/popovpe/SERVICES/JangaFX.LiquidGen_0.3.0/LiquidGen/bldr/pipes/Flow_from_pipe_crack/1.5.fbx with anim 3.liquigen
/home/popovpe/SERVICES/JangaFX.LiquidGen_0.3.0/LiquidGen/results/fbxs_new/Flow_from_pipe_crack/1.5/3
0 194
FINISHED /home/popovpe/SERVICES/JangaFX.LiquidGen_0.3.0/LiquidGen/bldr/pipes/Flow_from_pipe_crack/1.5.fbx with anim 3.liquigen
STARTED /home/popovpe/SERVICES/JangaFX.LiquidGen_0.3.0/LiquidGen/bldr/pipes/Flow_from_pipe_crack/1.5.fbx with anim 6.liquigen
/home/popovpe/SERVICES/JangaFX.LiquidGen_0.3.0/LiquidGen/results/fbxs_new/Flow_from_pipe_crack/1.5/6
0 277
FINISHED /home/popovpe/SERVICES/JangaFX.LiquidGen_0.3.0/LiquidGen/bldr/pipes/Flow_from_pipe_crack/1.5.fbx with anim 6.liquigen
STARTED /home/popovpe/SERVICES/JangaFX.LiquidGen_0.3.0/LiquidGen/bldr/pipes/Flow_from_pipe_crack/1.5.fbx with anim 5.liquigen
/home/popovpe/SERVICES/JangaFX.LiquidGen_0.3.0/LiquidGen/results/fbxs_new/Flow_from_pipe_crack/1.5/5
0 176
FINISHED /home/popovpe/SERVICES/JangaFX.LiquidGen_0.3.0/LiquidGen/bldr/pipes/Flow_from_pipe_crack/1.5.fbx with anim 5.liquigen
STARTED /home/popovpe/SERVICES/JangaFX.LiquidGen_0.3.0/LiquidGen/bldr/pipes/Flow_from_pipe_crack/1.5.fbx with anim 1.liquigen
/home/popovpe/SERVICES/JangaFX.LiquidGen_0.3.0/LiquidGen/results/fbxs_new/Flow_from_pipe_crack/1.5/1
1 361
FINISHED /home/popovpe/SERVICES/JangaFX.LiquidGen_0.3.0/LiquidGen/bldr/pipes/Flow_from_pipe_crack/1.5.fbx with anim 1.liquigen
STARTED /home/popovpe/SERVICES/JangaFX.LiquidGen_0.3.0/LiquidGen/bldr/pipes/Flow_from_pipe_crack/1.5.fbx with anim 0.liquigen
/home/popovpe/SERVICES/JangaFX.LiquidGen_0.3.0/LiquidGen/results/fbxs_new/Flow_from_pipe_crack/1.5/0
0 172
FINISHED /home/popovpe/SERVICES/JangaFX.LiquidGen_0.3.0/LiquidGen/bldr/pipes/Flow_from_pipe_crack/1.5.fbx with anim 0.liquigen
STARTED /home/popovpe/SERVICES/JangaFX.LiquidGen_0.3.0/LiquidGen/bldr/pipes/Flow_from_pipe_crack/1.5.fbx with anim 9.liquigen
/home/popovpe/SERVICES/JangaFX.LiquidGen_0.3.0/LiquidGen/results/fbxs_new/Flow_from_pipe_crack/1.5/9
0 154
FINISHED /home/popovpe/SERVICES/JangaFX.LiquidGen_0.3.0/LiquidGen/bldr/pipes/Flow_from_pipe_crack/1.5.fbx with anim 9.liquigen
STARTED /home/popovpe/SERVICES/JangaFX.LiquidGen_0.3.0/LiquidGen/bldr/pipes/Flow_from_pipe_crack/1.5.fbx with anim 7.liquigen
/home/popovpe/SERVICES/JangaFX.LiquidGen_0.3.0/LiquidGen/results/fbxs_new/Flow_from_pipe_crack/1.5/7
0 268
FINISHED /home/popovpe/SERVICES/JangaFX.LiquidGen_0.3.0/LiquidGen/bldr/pipes/Flow_from_pipe_crack/1.5.fbx with anim 7.liquigen
STARTED /home/popovpe/SERVICES/JangaFX.LiquidGen_0.3.0/LiquidGen/bldr/pipes/Flow_from_pipe_crack/1.5.fbx with anim 8.liquigen
/home/popovpe/SERVICES/JangaFX.LiquidGen_0.3.0/LiquidGen/results/fbxs_new/Flow_from_pipe_crack/1.5/8
0 319
FINISHED /home/popovpe/SERVICES/JangaFX.LiquidGen_0.3.0/LiquidGen/bldr/pipes/Flow_from_pipe_crack/1.5.fbx with anim 8.liquigen
STARTED /home/popovpe/SERVICES/JangaFX.LiquidGen_0.3.0/LiquidGen/bldr/pipes/Flow_from_pipe_crack/1.5.fbx with anim 4.liquigen
/home/popovpe/SERVICES/JangaFX.LiquidGen_0.3.0/LiquidGen/results/fbxs_new/Flow_from_pipe_crack/1.5/4
0 282
FINISHED /home/popovpe/SERVICES/JangaFX.LiquidGen_0.3.0/LiquidGen/bldr/pipes/Flow_from_pipe_crack/1.5.fbx with anim 4.liquigen
STARTED /home/popovpe/SERVICES/JangaFX.LiquidGen_0.3.0/LiquidGen/bldr/pipes/Flow_from_pipe_crack/1.5.fbx with anim 2.liquigen
/home/popovpe/SERVICES/JangaFX.LiquidGen_0.3.0/LiquidGen/results/fbxs_new/Flow_from_pipe_crack/1.5/2
0 115
FINISHED /home/popovpe/SERVICES/JangaFX.LiquidGen_0.3.0/LiquidGen/bldr/pipes/Flow_from_pipe_crack/1.5.fbx with anim 2.liquigen
STARTED /home/popovpe/SERVICES/JangaFX.LiquidGen_0.3.0/LiquidGen/bldr/pipes/Flow_from_pipe/0.7.fbx with anim 3.liquigen
/home/popovpe/SERVICES/JangaFX.LiquidGen_0.3.0/LiquidGen/results/fbxs_new/Flow_from_pipe/0.7/3
0 34
FINISHED /home/popovpe/SERVICES/JangaFX.LiquidGen_0.3.0/LiquidGen/bldr/pipes/Flow_from_pipe/0.7.fbx with anim 3.liquigen
STARTED /home/popovpe/SERVICES/JangaFX.LiquidGen_0.3.0/LiquidGen/bldr/pipes/Flow_from_pipe/0.7.fbx with anim 6.liquigen
/home/popovpe/SERVICES/JangaFX.LiquidGen_0.3.0/LiquidGen/results/fbxs_new/Flow_from_pipe/0.7/6
0 32
FINISHED /home/popovpe/SERVICES/JangaFX.LiquidGen_0.3.0/LiquidGen/bldr/pipes/Flow_from_pipe/0.7.fbx with anim 6.liquigen
STARTED /home/popovpe/SERVICES/JangaFX.LiquidGen_0.3.0/LiquidGen/bldr/pipes/Flow_from_pipe/0.7.fbx with anim 5.liquigen
/home/popovpe/SERVICES/JangaFX.LiquidGen_0.3.0/LiquidGen/results/fbxs_new/Flow_from_pipe/0.7/5
0 33
FINISHED /home/popovpe/SERVICES/JangaFX.LiquidGen_0.3.0/LiquidGen/bldr/pipes/Flow_from_pipe/0.7.fbx with anim 5.liquigen
STARTED /home/popovpe/SERVICES/JangaFX.LiquidGen_0.3.0/LiquidGen/bldr/pipes/Flow_from_pipe/0.7.fbx with anim 1.liquigen
/home/popovpe/SERVICES/JangaFX.LiquidGen_0.3.0/LiquidGen/results/fbxs_new/Flow_from_pipe/0.7/1
0 32
FINISHED /home/popovpe/SERVICES/JangaFX.LiquidGen_0.3.0/LiquidGen/bldr/pipes/Flow_from_pipe/0.7.fbx with anim 1.liquigen
STARTED /home/popovpe/SERVICES/JangaFX.LiquidGen_0.3.0/LiquidGen/bldr/pipes/Flow_from_pipe/0.7.fbx with anim 0.liquigen
/home/popovpe/SERVICES/JangaFX.LiquidGen_0.3.0/LiquidGen/results/fbxs_new/Flow_from_pipe/0.7/0
0 33
FINISHED /home/popovpe/SERVICES/JangaFX.LiquidGen_0.3.0/LiquidGen/bldr/pipes/Flow_from_pipe/0.7.fbx with anim 0.liquigen
STARTED /home/popovpe/SERVICES/JangaFX.LiquidGen_0.3.0/LiquidGen/bldr/pipes/Flow_from_pipe/0.7.fbx with anim 9.liquigen
/home/popovpe/SERVICES/JangaFX.LiquidGen_0.3.0/LiquidGen/results/fbxs_new/Flow_from_pipe/0.7/9
0 32
FINISHED /home/popovpe/SERVICES/JangaFX.LiquidGen_0.3.0/LiquidGen/bldr/pipes/Flow_from_pipe/0.7.fbx with anim 9.liquigen
STARTED /home/popovpe/SERVICES/JangaFX.LiquidGen_0.3.0/LiquidGen/bldr/pipes/Flow_from_pipe/0.7.fbx with anim 7.liquigen
/home/popovpe/SERVICES/JangaFX.LiquidGen_0.3.0/LiquidGen/results/fbxs_new/Flow_from_pipe/0.7/7
0 34
FINISHED /home/popovpe/SERVICES/JangaFX.LiquidGen_0.3.0/LiquidGen/bldr/pipes/Flow_from_pipe/0.7.fbx with anim 7.liquigen
STARTED /home/popovpe/SERVICES/JangaFX.LiquidGen_0.3.0/LiquidGen/bldr/pipes/Flow_from_pipe/0.7.fbx with anim 8.liquigen
/home/popovpe/SERVICES/JangaFX.LiquidGen_0.3.0/LiquidGen/results/fbxs_new/Flow_from_pipe/0.7/8
0 34
FINISHED /home/popovpe/SERVICES/JangaFX.LiquidGen_0.3.0/LiquidGen/bldr/pipes/Flow_from_pipe/0.7.fbx with anim 8.liquigen
STARTED /home/popovpe/SERVICES/JangaFX.LiquidGen_0.3.0/LiquidGen/bldr/pipes/Flow_from_pipe/0.7.fbx with anim 4.liquigen
/home/popovpe/SERVICES/JangaFX.LiquidGen_0.3.0/LiquidGen/results/fbxs_new/Flow_from_pipe/0.7/4
0 31
FINISHED /home/popovpe/SERVICES/JangaFX.LiquidGen_0.3.0/LiquidGen/bldr/pipes/Flow_from_pipe/0.7.fbx with anim 4.liquigen
STARTED /home/popovpe/SERVICES/JangaFX.LiquidGen_0.3.0/LiquidGen/bldr/pipes/Flow_from_pipe/0.7.fbx with anim 2.liquigen
/home/popovpe/SERVICES/JangaFX.LiquidGen_0.3.0/LiquidGen/results/fbxs_new/Flow_from_pipe/0.7/2
0 33
FINISHED /home/popovpe/SERVICES/JangaFX.LiquidGen_0.3.0/LiquidGen/bldr/pipes/Flow_from_pipe/0.7.fbx with anim 2.liquigen
STARTED /home/popovpe/SERVICES/JangaFX.LiquidGen_0.3.0/LiquidGen/bldr/pipes/Flow_from_pipe/1.25.fbx with anim 3.liquigen
/home/popovpe/SERVICES/JangaFX.LiquidGen_0.3.0/LiquidGen/results/fbxs_new/Flow_from_pipe/1.25/3
0 24
FINISHED /home/popovpe/SERVICES/JangaFX.LiquidGen_0.3.0/LiquidGen/bldr/pipes/Flow_from_pipe/1.25.fbx with anim 3.liquigen
STARTED /home/popovpe/SERVICES/JangaFX.LiquidGen_0.3.0/LiquidGen/bldr/pipes/Flow_from_pipe/1.25.fbx with anim 6.liquigen
/home/popovpe/SERVICES/JangaFX.LiquidGen_0.3.0/LiquidGen/results/fbxs_new/Flow_from_pipe/1.25/6
0 23
FINISHED /home/popovpe/SERVICES/JangaFX.LiquidGen_0.3.0/LiquidGen/bldr/pipes/Flow_from_pipe/1.25.fbx with anim 6.liquigen
STARTED /home/popovpe/SERVICES/JangaFX.LiquidGen_0.3.0/LiquidGen/bldr/pipes/Flow_from_pipe/1.25.fbx with anim 5.liquigen
/home/popovpe/SERVICES/JangaFX.LiquidGen_0.3.0/LiquidGen/results/fbxs_new/Flow_from_pipe/1.25/5
0 23
FINISHED /home/popovpe/SERVICES/JangaFX.LiquidGen_0.3.0/LiquidGen/bldr/pipes/Flow_from_pipe/1.25.fbx with anim 5.liquigen
STARTED /home/popovpe/SERVICES/JangaFX.LiquidGen_0.3.0/LiquidGen/bldr/pipes/Flow_from_pipe/1.25.fbx with anim 1.liquigen
/home/popovpe/SERVICES/JangaFX.LiquidGen_0.3.0/LiquidGen/results/fbxs_new/Flow_from_pipe/1.25/1
0 23
FINISHED /home/popovpe/SERVICES/JangaFX.LiquidGen_0.3.0/LiquidGen/bldr/pipes/Flow_from_pipe/1.25.fbx with anim 1.liquigen
STARTED /home/popovpe/SERVICES/JangaFX.LiquidGen_0.3.0/LiquidGen/bldr/pipes/Flow_from_pipe/1.25.fbx with anim 0.liquigen
/home/popovpe/SERVICES/JangaFX.LiquidGen_0.3.0/LiquidGen/results/fbxs_new/Flow_from_pipe/1.25/0
0 23
FINISHED /home/popovpe/SERVICES/JangaFX.LiquidGen_0.3.0/LiquidGen/bldr/pipes/Flow_from_pipe/1.25.fbx with anim 0.liquigen
STARTED /home/popovpe/SERVICES/JangaFX.LiquidGen_0.3.0/LiquidGen/bldr/pipes/Flow_from_pipe/1.25.fbx with anim 9.liquigen
/home/popovpe/SERVICES/JangaFX.LiquidGen_0.3.0/LiquidGen/results/fbxs_new/Flow_from_pipe/1.25/9
0 23
FINISHED /home/popovpe/SERVICES/JangaFX.LiquidGen_0.3.0/LiquidGen/bldr/pipes/Flow_from_pipe/1.25.fbx with anim 9.liquigen
STARTED /home/popovpe/SERVICES/JangaFX.LiquidGen_0.3.0/LiquidGen/bldr/pipes/Flow_from_pipe/1.25.fbx with anim 7.liquigen
/home/popovpe/SERVICES/JangaFX.LiquidGen_0.3.0/LiquidGen/results/fbxs_new/Flow_from_pipe/1.25/7
0 24
FINISHED /home/popovpe/SERVICES/JangaFX.LiquidGen_0.3.0/LiquidGen/bldr/pipes/Flow_from_pipe/1.25.fbx with anim 7.liquigen
STARTED /home/popovpe/SERVICES/JangaFX.LiquidGen_0.3.0/LiquidGen/bldr/pipes/Flow_from_pipe/1.25.fbx with anim 8.liquigen
/home/popovpe/SERVICES/JangaFX.LiquidGen_0.3.0/LiquidGen/results/fbxs_new/Flow_from_pipe/1.25/8
0 24
FINISHED /home/popovpe/SERVICES/JangaFX.LiquidGen_0.3.0/LiquidGen/bldr/pipes/Flow_from_pipe/1.25.fbx with anim 8.liquigen
STARTED /home/popovpe/SERVICES/JangaFX.LiquidGen_0.3.0/LiquidGen/bldr/pipes/Flow_from_pipe/1.25.fbx with anim 4.liquigen
/home/popovpe/SERVICES/JangaFX.LiquidGen_0.3.0/LiquidGen/results/fbxs_new/Flow_from_pipe/1.25/4
0 23
FINISHED /home/popovpe/SERVICES/JangaFX.LiquidGen_0.3.0/LiquidGen/bldr/pipes/Flow_from_pipe/1.25.fbx with anim 4.liquigen
STARTED /home/popovpe/SERVICES/JangaFX.LiquidGen_0.3.0/LiquidGen/bldr/pipes/Flow_from_pipe/1.25.fbx with anim 2.liquigen
/home/popovpe/SERVICES/JangaFX.LiquidGen_0.3.0/LiquidGen/results/fbxs_new/Flow_from_pipe/1.25/2
0 23
FINISHED /home/popovpe/SERVICES/JangaFX.LiquidGen_0.3.0/LiquidGen/bldr/pipes/Flow_from_pipe/1.25.fbx with anim 2.liquigen
STARTED /home/popovpe/SERVICES/JangaFX.LiquidGen_0.3.0/LiquidGen/bldr/pipes/Flow_from_pipe/1.5.fbx with anim 3.liquigen
/home/popovpe/SERVICES/JangaFX.LiquidGen_0.3.0/LiquidGen/results/fbxs_new/Flow_from_pipe/1.5/3
0 45
FINISHED /home/popovpe/SERVICES/JangaFX.LiquidGen_0.3.0/LiquidGen/bldr/pipes/Flow_from_pipe/1.5.fbx with anim 3.liquigen
STARTED /home/popovpe/SERVICES/JangaFX.LiquidGen_0.3.0/LiquidGen/bldr/pipes/Flow_from_pipe/1.5.fbx with anim 6.liquigen
/home/popovpe/SERVICES/JangaFX.LiquidGen_0.3.0/LiquidGen/results/fbxs_new/Flow_from_pipe/1.5/6
0 44
FINISHED /home/popovpe/SERVICES/JangaFX.LiquidGen_0.3.0/LiquidGen/bldr/pipes/Flow_from_pipe/1.5.fbx with anim 6.liquigen
STARTED /home/popovpe/SERVICES/JangaFX.LiquidGen_0.3.0/LiquidGen/bldr/pipes/Flow_from_pipe/1.5.fbx with anim 5.liquigen
/home/popovpe/SERVICES/JangaFX.LiquidGen_0.3.0/LiquidGen/results/fbxs_new/Flow_from_pipe/1.5/5
0 45
FINISHED /home/popovpe/SERVICES/JangaFX.LiquidGen_0.3.0/LiquidGen/bldr/pipes/Flow_from_pipe/1.5.fbx with anim 5.liquigen
STARTED /home/popovpe/SERVICES/JangaFX.LiquidGen_0.3.0/LiquidGen/bldr/pipes/Flow_from_pipe/1.5.fbx with anim 1.liquigen
/home/popovpe/SERVICES/JangaFX.LiquidGen_0.3.0/LiquidGen/results/fbxs_new/Flow_from_pipe/1.5/1
0 41
FINISHED /home/popovpe/SERVICES/JangaFX.LiquidGen_0.3.0/LiquidGen/bldr/pipes/Flow_from_pipe/1.5.fbx with anim 1.liquigen
STARTED /home/popovpe/SERVICES/JangaFX.LiquidGen_0.3.0/LiquidGen/bldr/pipes/Flow_from_pipe/1.5.fbx with anim 0.liquigen
/home/popovpe/SERVICES/JangaFX.LiquidGen_0.3.0/LiquidGen/results/fbxs_new/Flow_from_pipe/1.5/0
0 45
FINISHED /home/popovpe/SERVICES/JangaFX.LiquidGen_0.3.0/LiquidGen/bldr/pipes/Flow_from_pipe/1.5.fbx with anim 0.liquigen
STARTED /home/popovpe/SERVICES/JangaFX.LiquidGen_0.3.0/LiquidGen/bldr/pipes/Flow_from_pipe/1.5.fbx with anim 9.liquigen
/home/popovpe/SERVICES/JangaFX.LiquidGen_0.3.0/LiquidGen/results/fbxs_new/Flow_from_pipe/1.5/9
0 43
FINISHED /home/popovpe/SERVICES/JangaFX.LiquidGen_0.3.0/LiquidGen/bldr/pipes/Flow_from_pipe/1.5.fbx with anim 9.liquigen
STARTED /home/popovpe/SERVICES/JangaFX.LiquidGen_0.3.0/LiquidGen/bldr/pipes/Flow_from_pipe/1.5.fbx with anim 7.liquigen
/home/popovpe/SERVICES/JangaFX.LiquidGen_0.3.0/LiquidGen/results/fbxs_new/Flow_from_pipe/1.5/7
0 46
FINISHED /home/popovpe/SERVICES/JangaFX.LiquidGen_0.3.0/LiquidGen/bldr/pipes/Flow_from_pipe/1.5.fbx with anim 7.liquigen
STARTED /home/popovpe/SERVICES/JangaFX.LiquidGen_0.3.0/LiquidGen/bldr/pipes/Flow_from_pipe/1.5.fbx with anim 8.liquigen
/home/popovpe/SERVICES/JangaFX.LiquidGen_0.3.0/LiquidGen/results/fbxs_new/Flow_from_pipe/1.5/8
0 46
FINISHED /home/popovpe/SERVICES/JangaFX.LiquidGen_0.3.0/LiquidGen/bldr/pipes/Flow_from_pipe/1.5.fbx with anim 8.liquigen
STARTED /home/popovpe/SERVICES/JangaFX.LiquidGen_0.3.0/LiquidGen/bldr/pipes/Flow_from_pipe/1.5.fbx with anim 4.liquigen
/home/popovpe/SERVICES/JangaFX.LiquidGen_0.3.0/LiquidGen/results/fbxs_new/Flow_from_pipe/1.5/4
0 44
FINISHED /home/popovpe/SERVICES/JangaFX.LiquidGen_0.3.0/LiquidGen/bldr/pipes/Flow_from_pipe/1.5.fbx with anim 4.liquigen
STARTED /home/popovpe/SERVICES/JangaFX.LiquidGen_0.3.0/LiquidGen/bldr/pipes/Flow_from_pipe/1.5.fbx with anim 2.liquigen
/home/popovpe/SERVICES/JangaFX.LiquidGen_0.3.0/LiquidGen/results/fbxs_new/Flow_from_pipe/1.5/2
0 46
FINISHED /home/popovpe/SERVICES/JangaFX.LiquidGen_0.3.0/LiquidGen/bldr/pipes/Flow_from_pipe/1.5.fbx with anim 2.liquigen
STARTED /home/popovpe/SERVICES/JangaFX.LiquidGen_0.3.0/LiquidGen/bldr/pipes/Flow_from_spider/1.25.fbx with anim 3.liquigen
/home/popovpe/SERVICES/JangaFX.LiquidGen_0.3.0/LiquidGen/results/fbxs_new/Flow_from_spider/1.25/3
0 12
FINISHED /home/popovpe/SERVICES/JangaFX.LiquidGen_0.3.0/LiquidGen/bldr/pipes/Flow_from_spider/1.25.fbx with anim 3.liquigen
STARTED /home/popovpe/SERVICES/JangaFX.LiquidGen_0.3.0/LiquidGen/bldr/pipes/Flow_from_spider/1.25.fbx with anim 6.liquigen
/home/popovpe/SERVICES/JangaFX.LiquidGen_0.3.0/LiquidGen/results/fbxs_new/Flow_from_spider/1.25/6
0 12
FINISHED /home/popovpe/SERVICES/JangaFX.LiquidGen_0.3.0/LiquidGen/bldr/pipes/Flow_from_spider/1.25.fbx with anim 6.liquigen
STARTED /home/popovpe/SERVICES/JangaFX.LiquidGen_0.3.0/LiquidGen/bldr/pipes/Flow_from_spider/1.25.fbx with anim 5.liquigen
/home/popovpe/SERVICES/JangaFX.LiquidGen_0.3.0/LiquidGen/results/fbxs_new/Flow_from_spider/1.25/5
0 12
FINISHED /home/popovpe/SERVICES/JangaFX.LiquidGen_0.3.0/LiquidGen/bldr/pipes/Flow_from_spider/1.25.fbx with anim 5.liquigen
STARTED /home/popovpe/SERVICES/JangaFX.LiquidGen_0.3.0/LiquidGen/bldr/pipes/Flow_from_spider/1.25.fbx with anim 1.liquigen
/home/popovpe/SERVICES/JangaFX.LiquidGen_0.3.0/LiquidGen/results/fbxs_new/Flow_from_spider/1.25/1
0 12
FINISHED /home/popovpe/SERVICES/JangaFX.LiquidGen_0.3.0/LiquidGen/bldr/pipes/Flow_from_spider/1.25.fbx with anim 1.liquigen
STARTED /home/popovpe/SERVICES/JangaFX.LiquidGen_0.3.0/LiquidGen/bldr/pipes/Flow_from_spider/1.25.fbx with anim 0.liquigen
/home/popovpe/SERVICES/JangaFX.LiquidGen_0.3.0/LiquidGen/results/fbxs_new/Flow_from_spider/1.25/0
0 11
FINISHED /home/popovpe/SERVICES/JangaFX.LiquidGen_0.3.0/LiquidGen/bldr/pipes/Flow_from_spider/1.25.fbx with anim 0.liquigen
STARTED /home/popovpe/SERVICES/JangaFX.LiquidGen_0.3.0/LiquidGen/bldr/pipes/Flow_from_spider/1.25.fbx with anim 9.liquigen
/home/popovpe/SERVICES/JangaFX.LiquidGen_0.3.0/LiquidGen/results/fbxs_new/Flow_from_spider/1.25/9
0 11
FINISHED /home/popovpe/SERVICES/JangaFX.LiquidGen_0.3.0/LiquidGen/bldr/pipes/Flow_from_spider/1.25.fbx with anim 9.liquigen
STARTED /home/popovpe/SERVICES/JangaFX.LiquidGen_0.3.0/LiquidGen/bldr/pipes/Flow_from_spider/1.25.fbx with anim 7.liquigen
/home/popovpe/SERVICES/JangaFX.LiquidGen_0.3.0/LiquidGen/results/fbxs_new/Flow_from_spider/1.25/7
0 11
FINISHED /home/popovpe/SERVICES/JangaFX.LiquidGen_0.3.0/LiquidGen/bldr/pipes/Flow_from_spider/1.25.fbx with anim 7.liquigen
STARTED /home/popovpe/SERVICES/JangaFX.LiquidGen_0.3.0/LiquidGen/bldr/pipes/Flow_from_spider/1.25.fbx with anim 8.liquigen
/home/popovpe/SERVICES/JangaFX.LiquidGen_0.3.0/LiquidGen/results/fbxs_new/Flow_from_spider/1.25/8
0 12
FINISHED /home/popovpe/SERVICES/JangaFX.LiquidGen_0.3.0/LiquidGen/bldr/pipes/Flow_from_spider/1.25.fbx with anim 8.liquigen
STARTED /home/popovpe/SERVICES/JangaFX.LiquidGen_0.3.0/LiquidGen/bldr/pipes/Flow_from_spider/1.25.fbx with anim 4.liquigen
/home/popovpe/SERVICES/JangaFX.LiquidGen_0.3.0/LiquidGen/results/fbxs_new/Flow_from_spider/1.25/4
0 12
FINISHED /home/popovpe/SERVICES/JangaFX.LiquidGen_0.3.0/LiquidGen/bldr/pipes/Flow_from_spider/1.25.fbx with anim 4.liquigen
STARTED /home/popovpe/SERVICES/JangaFX.LiquidGen_0.3.0/LiquidGen/bldr/pipes/Flow_from_spider/1.25.fbx with anim 2.liquigen
/home/popovpe/SERVICES/JangaFX.LiquidGen_0.3.0/LiquidGen/results/fbxs_new/Flow_from_spider/1.25/2
0 12
FINISHED /home/popovpe/SERVICES/JangaFX.LiquidGen_0.3.0/LiquidGen/bldr/pipes/Flow_from_spider/1.25.fbx with anim 2.liquigen
STARTED /home/popovpe/SERVICES/JangaFX.LiquidGen_0.3.0/LiquidGen/bldr/pipes/Flow_from_kran/1.25.fbx with anim 3.liquigen
/home/popovpe/SERVICES/JangaFX.LiquidGen_0.3.0/LiquidGen/results/fbxs_new/Flow_from_kran/1.25/3
0 65
FINISHED /home/popovpe/SERVICES/JangaFX.LiquidGen_0.3.0/LiquidGen/bldr/pipes/Flow_from_kran/1.25.fbx with anim 3.liquigen
STARTED /home/popovpe/SERVICES/JangaFX.LiquidGen_0.3.0/LiquidGen/bldr/pipes/Flow_from_kran/1.25.fbx with anim 6.liquigen
/home/popovpe/SERVICES/JangaFX.LiquidGen_0.3.0/LiquidGen/results/fbxs_new/Flow_from_kran/1.25/6
0 62
FINISHED /home/popovpe/SERVICES/JangaFX.LiquidGen_0.3.0/LiquidGen/bldr/pipes/Flow_from_kran/1.25.fbx with anim 6.liquigen
STARTED /home/popovpe/SERVICES/JangaFX.LiquidGen_0.3.0/LiquidGen/bldr/pipes/Flow_from_kran/1.25.fbx with anim 5.liquigen
/home/popovpe/SERVICES/JangaFX.LiquidGen_0.3.0/LiquidGen/results/fbxs_new/Flow_from_kran/1.25/5
0 70
FINISHED /home/popovpe/SERVICES/JangaFX.LiquidGen_0.3.0/LiquidGen/bldr/pipes/Flow_from_kran/1.25.fbx with anim 5.liquigen
STARTED /home/popovpe/SERVICES/JangaFX.LiquidGen_0.3.0/LiquidGen/bldr/pipes/Flow_from_kran/1.25.fbx with anim 1.liquigen
/home/popovpe/SERVICES/JangaFX.LiquidGen_0.3.0/LiquidGen/results/fbxs_new/Flow_from_kran/1.25/1
0 53
FINISHED /home/popovpe/SERVICES/JangaFX.LiquidGen_0.3.0/LiquidGen/bldr/pipes/Flow_from_kran/1.25.fbx with anim 1.liquigen
STARTED /home/popovpe/SERVICES/JangaFX.LiquidGen_0.3.0/LiquidGen/bldr/pipes/Flow_from_kran/1.25.fbx with anim 0.liquigen
/home/popovpe/SERVICES/JangaFX.LiquidGen_0.3.0/LiquidGen/results/fbxs_new/Flow_from_kran/1.25/0
0 62
FINISHED /home/popovpe/SERVICES/JangaFX.LiquidGen_0.3.0/LiquidGen/bldr/pipes/Flow_from_kran/1.25.fbx with anim 0.liquigen
STARTED /home/popovpe/SERVICES/JangaFX.LiquidGen_0.3.0/LiquidGen/bldr/pipes/Flow_from_kran/1.25.fbx with anim 9.liquigen
/home/popovpe/SERVICES/JangaFX.LiquidGen_0.3.0/LiquidGen/results/fbxs_new/Flow_from_kran/1.25/9
0 51
FINISHED /home/popovpe/SERVICES/JangaFX.LiquidGen_0.3.0/LiquidGen/bldr/pipes/Flow_from_kran/1.25.fbx with anim 9.liquigen
STARTED /home/popovpe/SERVICES/JangaFX.LiquidGen_0.3.0/LiquidGen/bldr/pipes/Flow_from_kran/1.25.fbx with anim 7.liquigen
/home/popovpe/SERVICES/JangaFX.LiquidGen_0.3.0/LiquidGen/results/fbxs_new/Flow_from_kran/1.25/7
0 65
FINISHED /home/popovpe/SERVICES/JangaFX.LiquidGen_0.3.0/LiquidGen/bldr/pipes/Flow_from_kran/1.25.fbx with anim 7.liquigen
STARTED /home/popovpe/SERVICES/JangaFX.LiquidGen_0.3.0/LiquidGen/bldr/pipes/Flow_from_kran/1.25.fbx with anim 8.liquigen
/home/popovpe/SERVICES/JangaFX.LiquidGen_0.3.0/LiquidGen/results/fbxs_new/Flow_from_kran/1.25/8
0 74
FINISHED /home/popovpe/SERVICES/JangaFX.LiquidGen_0.3.0/LiquidGen/bldr/pipes/Flow_from_kran/1.25.fbx with anim 8.liquigen
STARTED /home/popovpe/SERVICES/JangaFX.LiquidGen_0.3.0/LiquidGen/bldr/pipes/Flow_from_kran/1.25.fbx with anim 4.liquigen
/home/popovpe/SERVICES/JangaFX.LiquidGen_0.3.0/LiquidGen/results/fbxs_new/Flow_from_kran/1.25/4
0 68
FINISHED /home/popovpe/SERVICES/JangaFX.LiquidGen_0.3.0/LiquidGen/bldr/pipes/Flow_from_kran/1.25.fbx with anim 4.liquigen
STARTED /home/popovpe/SERVICES/JangaFX.LiquidGen_0.3.0/LiquidGen/bldr/pipes/Flow_from_kran/1.25.fbx with anim 2.liquigen
/home/popovpe/SERVICES/JangaFX.LiquidGen_0.3.0/LiquidGen/results/fbxs_new/Flow_from_kran/1.25/2
0 65
FINISHED /home/popovpe/SERVICES/JangaFX.LiquidGen_0.3.0/LiquidGen/bldr/pipes/Flow_from_kran/1.25.fbx with anim 2.liquigen
STARTED /home/popovpe/SERVICES/JangaFX.LiquidGen_0.3.0/LiquidGen/bldr/pipes/Flow_from_kran/1.5.fbx with anim 3.liquigen
/home/popovpe/SERVICES/JangaFX.LiquidGen_0.3.0/LiquidGen/results/fbxs_new/Flow_from_kran/1.5/3
0 67
FINISHED /home/popovpe/SERVICES/JangaFX.LiquidGen_0.3.0/LiquidGen/bldr/pipes/Flow_from_kran/1.5.fbx with anim 3.liquigen
STARTED /home/popovpe/SERVICES/JangaFX.LiquidGen_0.3.0/LiquidGen/bldr/pipes/Flow_from_kran/1.5.fbx with anim 6.liquigen
/home/popovpe/SERVICES/JangaFX.LiquidGen_0.3.0/LiquidGen/results/fbxs_new/Flow_from_kran/1.5/6
0 65
FINISHED /home/popovpe/SERVICES/JangaFX.LiquidGen_0.3.0/LiquidGen/bldr/pipes/Flow_from_kran/1.5.fbx with anim 6.liquigen
STARTED /home/popovpe/SERVICES/JangaFX.LiquidGen_0.3.0/LiquidGen/bldr/pipes/Flow_from_kran/1.5.fbx with anim 5.liquigen
/home/popovpe/SERVICES/JangaFX.LiquidGen_0.3.0/LiquidGen/results/fbxs_new/Flow_from_kran/1.5/5
0 65
FINISHED /home/popovpe/SERVICES/JangaFX.LiquidGen_0.3.0/LiquidGen/bldr/pipes/Flow_from_kran/1.5.fbx with anim 5.liquigen
STARTED /home/popovpe/SERVICES/JangaFX.LiquidGen_0.3.0/LiquidGen/bldr/pipes/Flow_from_kran/1.5.fbx with anim 1.liquigen
/home/popovpe/SERVICES/JangaFX.LiquidGen_0.3.0/LiquidGen/results/fbxs_new/Flow_from_kran/1.5/1
0 50
FINISHED /home/popovpe/SERVICES/JangaFX.LiquidGen_0.3.0/LiquidGen/bldr/pipes/Flow_from_kran/1.5.fbx with anim 1.liquigen
STARTED /home/popovpe/SERVICES/JangaFX.LiquidGen_0.3.0/LiquidGen/bldr/pipes/Flow_from_kran/1.5.fbx with anim 0.liquigen
/home/popovpe/SERVICES/JangaFX.LiquidGen_0.3.0/LiquidGen/results/fbxs_new/Flow_from_kran/1.5/0
0 66
FINISHED /home/popovpe/SERVICES/JangaFX.LiquidGen_0.3.0/LiquidGen/bldr/pipes/Flow_from_kran/1.5.fbx with anim 0.liquigen
STARTED /home/popovpe/SERVICES/JangaFX.LiquidGen_0.3.0/LiquidGen/bldr/pipes/Flow_from_kran/1.5.fbx with anim 9.liquigen
/home/popovpe/SERVICES/JangaFX.LiquidGen_0.3.0/LiquidGen/results/fbxs_new/Flow_from_kran/1.5/9
0 54
FINISHED /home/popovpe/SERVICES/JangaFX.LiquidGen_0.3.0/LiquidGen/bldr/pipes/Flow_from_kran/1.5.fbx with anim 9.liquigen
STARTED /home/popovpe/SERVICES/JangaFX.LiquidGen_0.3.0/LiquidGen/bldr/pipes/Flow_from_kran/1.5.fbx with anim 7.liquigen
/home/popovpe/SERVICES/JangaFX.LiquidGen_0.3.0/LiquidGen/results/fbxs_new/Flow_from_kran/1.5/7
0 64
FINISHED /home/popovpe/SERVICES/JangaFX.LiquidGen_0.3.0/LiquidGen/bldr/pipes/Flow_from_kran/1.5.fbx with anim 7.liquigen
STARTED /home/popovpe/SERVICES/JangaFX.LiquidGen_0.3.0/LiquidGen/bldr/pipes/Flow_from_kran/1.5.fbx with anim 8.liquigen
/home/popovpe/SERVICES/JangaFX.LiquidGen_0.3.0/LiquidGen/results/fbxs_new/Flow_from_kran/1.5/8
0 67
FINISHED /home/popovpe/SERVICES/JangaFX.LiquidGen_0.3.0/LiquidGen/bldr/pipes/Flow_from_kran/1.5.fbx with anim 8.liquigen
STARTED /home/popovpe/SERVICES/JangaFX.LiquidGen_0.3.0/LiquidGen/bldr/pipes/Flow_from_kran/1.5.fbx with anim 4.liquigen
/home/popovpe/SERVICES/JangaFX.LiquidGen_0.3.0/LiquidGen/results/fbxs_new/Flow_from_kran/1.5/4
0 68
FINISHED /home/popovpe/SERVICES/JangaFX.LiquidGen_0.3.0/LiquidGen/bldr/pipes/Flow_from_kran/1.5.fbx with anim 4.liquigen
STARTED /home/popovpe/SERVICES/JangaFX.LiquidGen_0.3.0/LiquidGen/bldr/pipes/Flow_from_kran/1.5.fbx with anim 2.liquigen
/home/popovpe/SERVICES/JangaFX.LiquidGen_0.3.0/LiquidGen/results/fbxs_new/Flow_from_kran/1.5/2
0 67
FINISHED /home/popovpe/SERVICES/JangaFX.LiquidGen_0.3.0/LiquidGen/bldr/pipes/Flow_from_kran/1.5.fbx with anim 2.liquigen
